<?xml version="1.0" encoding="UTF-8"?>
<testsuite xmlns:xsi="http://www.w3.org/2001/XMLSchema-instance" xsi:noNamespaceSchemaLocation="https://maven.apache.org/surefire/maven-surefire-plugin/xsd/surefire-test-report-3.0.xsd" version="3.0" name="TestSuite" time="381.981" tests="2" errors="0" skipped="0" failures="0">
  <properties>
[...]
</properties>
  <testcase name="runCukes" classname="com.qa.runner_class.LoginAndChat_TestRunner" time="171.123"/>
  <testcase name="runCukes1" classname="com.qa.runner_class.LoginAndChat_TestRunner3E" time="210.103"/>
</testsuite>