<?xml version="1.0" encoding="UTF-8"?>
<testsuite xmlns:xsi="http://www.w3.org/2001/XMLSchema-instance" xsi:noNamespaceSchemaLocation="https://maven.apache.org/surefire/maven-surefire-plugin/xsd/surefire-test-report-3.0.xsd" version="3.0" name="com.qa.runner.TestRunner" time="104.723" tests="13" errors="0" skipped="0" failures="0">
  <properties>
[...]
</properties>
  <testcase name="Given user open browser" classname="Scenario: Validate home page open a KPI and report do a DD and add Dimension" time="0.001"/>
  <testcase name="Then user is on login page" classname="Scenario: Validate home page open a KPI and report do a DD and add Dimension" time="0"/>
  <testcase name="Then user logs into app" classname="Scenario: Validate home page open a KPI and report do a DD and add Dimension" time="0"/>
  <testcase name="Then click on KPIMenu" classname="Scenario: Validate home page open a KPI and report do a DD and add Dimension" time="0"/>
  <testcase name="Given user is on home page" classname="Scenario: Validate home page open a KPI and report do a DD and add Dimension" time="0"/>
  <testcase name="Then validate home page DashboardSettings Icon" classname="Scenario: Validate home page open a KPI and report do a DD and add Dimension" time="0"/>
  <testcase name="Then open a KPI" classname="Scenario: Validate home page open a KPI and report do a DD and add Dimension" time="0"/>
  <testcase name="Then verify KPi is open without error" classname="Scenario: Validate home page open a KPI and report do a DD and add Dimension" time="0"/>
  <testcase name="Then Open Radial Menu and DD by any option" classname="Scenario: Validate home page open a KPI and report do a DD and add Dimension" time="0"/>
  <testcase name="Then open the report view" classname="Scenario: Validate home page open a KPI and report do a DD and add Dimension" time="0"/>
  <testcase name="Then full view and add dimension" classname="Scenario: Validate home page open a KPI and report do a DD and add Dimension" time="0"/>
  <testcase name="Then close the browser" classname="Scenario: Validate home page open a KPI and report do a DD and add Dimension" time="0"/>
  <testcase name="Scenario: Validate home page open a KPI and report do a DD and add Dimension" classname="Scenario: Validate home page open a KPI and report do a DD and add Dimension" time="0.005"/>
</testsuite>